{"uid":"53caa5fc6e5f3615","name":"Check username input in login page","fullName":"tests.test_allure_failed_attach_screenshot#test_login2_fail","historyId":"f9a12552c524d3ca0b8000cd9aa5cb31","time":{"start":1764043125710,"stop":1764043126866,"duration":1156},"status":"failed","statusMessage":"AssertionError: assert True == False\n +  where True = is_displayed()\n +    where is_displayed = <selenium.webdriver.remote.webelement.WebElement (session=\"f110ac0c23b1c958c119b830fd3d2d7b\", element=\"f.4AACBAF721047A8880B26D7904992031.d.873725E12A6F1B10B1138AFA8CC3F623.e.3\")>.is_displayed\n +      where <selenium.webdriver.remote.webelement.WebElement (session=\"f110ac0c23b1c958c119b830fd3d2d7b\", element=\"f.4AACBAF721047A8880B26D7904992031.d.873725E12A6F1B10B1138AFA8CC3F623.e.3\")> = find_element('id', 'user-name')\n +        where find_element = <selenium.webdriver.chrome.webdriver.WebDriver (session=\"f110ac0c23b1c958c119b830fd3d2d7b\")>.find_element\n +        and   'id' = By.ID","statusTrace":"driver = <selenium.webdriver.chrome.webdriver.WebDriver (session=\"f110ac0c23b1c958c119b830fd3d2d7b\")>\n\n    @pytest.mark.title('Check username input in login page')\n    @pytest.mark.severity(allure.severity_level.NORMAL)\n    def test_login2_fail(driver):\n        driver.get('https://www.saucedemo.com/')\n>       assert driver.find_element(By.ID, 'user-name').is_displayed() == False\nE       assert True == False\nE        +  where True = is_displayed()\nE        +    where is_displayed = <selenium.webdriver.remote.webelement.WebElement (session=\"f110ac0c23b1c958c119b830fd3d2d7b\", element=\"f.4AACBAF721047A8880B26D7904992031.d.873725E12A6F1B10B1138AFA8CC3F623.e.3\")>.is_displayed\nE        +      where <selenium.webdriver.remote.webelement.WebElement (session=\"f110ac0c23b1c958c119b830fd3d2d7b\", element=\"f.4AACBAF721047A8880B26D7904992031.d.873725E12A6F1B10B1138AFA8CC3F623.e.3\")> = find_element('id', 'user-name')\nE        +        where find_element = <selenium.webdriver.chrome.webdriver.WebDriver (session=\"f110ac0c23b1c958c119b830fd3d2d7b\")>.find_element\nE        +        and   'id' = By.ID\n\ntests/test_allure_failed_attach_screenshot.py:16: AssertionError","flaky":false,"newFailed":false,"newBroken":false,"newPassed":false,"retriesCount":0,"retriesStatusChange":false,"beforeStages":[{"name":"driver","time":{"start":1764043116961,"stop":1764043125709,"duration":8748},"status":"passed","steps":[],"attachments":[],"parameters":[],"shouldDisplayMessage":false,"attachmentsCount":0,"stepsCount":0,"hasContent":false,"attachmentStep":false}],"testStage":{"status":"failed","statusMessage":"AssertionError: assert True == False\n +  where True = is_displayed()\n +    where is_displayed = <selenium.webdriver.remote.webelement.WebElement (session=\"f110ac0c23b1c958c119b830fd3d2d7b\", element=\"f.4AACBAF721047A8880B26D7904992031.d.873725E12A6F1B10B1138AFA8CC3F623.e.3\")>.is_displayed\n +      where <selenium.webdriver.remote.webelement.WebElement (session=\"f110ac0c23b1c958c119b830fd3d2d7b\", element=\"f.4AACBAF721047A8880B26D7904992031.d.873725E12A6F1B10B1138AFA8CC3F623.e.3\")> = find_element('id', 'user-name')\n +        where find_element = <selenium.webdriver.chrome.webdriver.WebDriver (session=\"f110ac0c23b1c958c119b830fd3d2d7b\")>.find_element\n +        and   'id' = By.ID","statusTrace":"driver = <selenium.webdriver.chrome.webdriver.WebDriver (session=\"f110ac0c23b1c958c119b830fd3d2d7b\")>\n\n    @pytest.mark.title('Check username input in login page')\n    @pytest.mark.severity(allure.severity_level.NORMAL)\n    def test_login2_fail(driver):\n        driver.get('https://www.saucedemo.com/')\n>       assert driver.find_element(By.ID, 'user-name').is_displayed() == False\nE       assert True == False\nE        +  where True = is_displayed()\nE        +    where is_displayed = <selenium.webdriver.remote.webelement.WebElement (session=\"f110ac0c23b1c958c119b830fd3d2d7b\", element=\"f.4AACBAF721047A8880B26D7904992031.d.873725E12A6F1B10B1138AFA8CC3F623.e.3\")>.is_displayed\nE        +      where <selenium.webdriver.remote.webelement.WebElement (session=\"f110ac0c23b1c958c119b830fd3d2d7b\", element=\"f.4AACBAF721047A8880B26D7904992031.d.873725E12A6F1B10B1138AFA8CC3F623.e.3\")> = find_element('id', 'user-name')\nE        +        where find_element = <selenium.webdriver.chrome.webdriver.WebDriver (session=\"f110ac0c23b1c958c119b830fd3d2d7b\")>.find_element\nE        +        and   'id' = By.ID\n\ntests/test_allure_failed_attach_screenshot.py:16: AssertionError","steps":[],"attachments":[{"uid":"4a0319816a18ef74","name":"Failed Log","source":"4a0319816a18ef74.txt","type":"text/plain","size":1199},{"uid":"fbebf8a42c4c6413","name":"screenshot","source":"fbebf8a42c4c6413.png","type":"image/png","size":15007}],"parameters":[],"shouldDisplayMessage":true,"attachmentsCount":2,"stepsCount":0,"hasContent":true,"attachmentStep":false},"afterStages":[{"name":"driver::0","time":{"start":1764043126993,"stop":1764043127083,"duration":90},"status":"passed","steps":[],"attachments":[],"parameters":[],"shouldDisplayMessage":false,"attachmentsCount":0,"stepsCount":0,"hasContent":false,"attachmentStep":false}],"labels":[{"name":"severity","value":"normal"},{"name":"parentSuite","value":"tests"},{"name":"suite","value":"test_allure_failed_attach_screenshot"},{"name":"host","value":"runnervmg1sw1"},{"name":"thread","value":"6266-MainThread"},{"name":"framework","value":"pytest"},{"name":"language","value":"cpython3"},{"name":"package","value":"tests.test_allure_failed_attach_screenshot"},{"name":"resultFormat","value":"allure2"}],"parameters":[],"links":[],"hidden":false,"retry":false,"extra":{"severity":"normal","retries":[],"categories":[{"name":"Product defects","matchedStatuses":[],"flaky":false}],"tags":[]},"source":"53caa5fc6e5f3615.json","parameterValues":[]}