{"uid":"7d2e2c96983aa9c4","name":"test_goto_product_details","fullName":"tests.test_login#test_goto_product_details","historyId":"5084092a1202572e4bd3c82623b144ee","time":{"start":1764043132369,"stop":1764043132733,"duration":364},"status":"failed","statusMessage":"AssertionError:  ****** URL does not match.\nassert 'error_url' in 'https://www.saucedemo.com/inventory-item.html?id=4'\n +  where 'https://www.saucedemo.com/inventory-item.html?id=4' = <selenium.webdriver.chrome.webdriver.WebDriver (session=\"c746d1f5052f333e8d0888c3f9efd604\")>.current_url","statusTrace":"driver = <selenium.webdriver.chrome.webdriver.WebDriver (session=\"c746d1f5052f333e8d0888c3f9efd604\")>\nbase_url = 'https://www.saucedemo.com/'\ncredentials = {'password': 'secret_sauce', 'username': 'standard_user'}\n\n    def test_goto_product_details(driver,base_url,credentials):\n        login=LoginPage(driver)\n        login.load(base_url)\n        login.login(credentials[\"username\"],credentials[\"password\"])\n    \n        products_page=ProductsPage(driver)\n        products_page.open_product('Sauce Labs Backpack')\n>       assert 'error_url' in driver.current_url, ' ****** URL does not match.'\nE       AssertionError:  ****** URL does not match.\nE       assert 'error_url' in 'https://www.saucedemo.com/inventory-item.html?id=4'\nE        +  where 'https://www.saucedemo.com/inventory-item.html?id=4' = <selenium.webdriver.chrome.webdriver.WebDriver (session=\"c746d1f5052f333e8d0888c3f9efd604\")>.current_url\n\ntests/test_login.py:21: AssertionError","flaky":false,"newFailed":false,"newBroken":false,"newPassed":false,"retriesCount":0,"retriesStatusChange":false,"beforeStages":[{"name":"driver","time":{"start":1764043116961,"stop":1764043125709,"duration":8748},"status":"passed","steps":[],"attachments":[],"parameters":[],"shouldDisplayMessage":false,"attachmentsCount":0,"stepsCount":0,"hasContent":false,"attachmentStep":false},{"name":"base_url","time":{"start":1764043132369,"stop":1764043132369,"duration":0},"status":"passed","steps":[],"attachments":[],"parameters":[],"shouldDisplayMessage":false,"attachmentsCount":0,"stepsCount":0,"hasContent":false,"attachmentStep":false},{"name":"credentials","time":{"start":1764043132369,"stop":1764043132369,"duration":0},"status":"passed","steps":[],"attachments":[],"parameters":[],"shouldDisplayMessage":false,"attachmentsCount":0,"stepsCount":0,"hasContent":false,"attachmentStep":false}],"testStage":{"status":"failed","statusMessage":"AssertionError:  ****** URL does not match.\nassert 'error_url' in 'https://www.saucedemo.com/inventory-item.html?id=4'\n +  where 'https://www.saucedemo.com/inventory-item.html?id=4' = <selenium.webdriver.chrome.webdriver.WebDriver (session=\"c746d1f5052f333e8d0888c3f9efd604\")>.current_url","statusTrace":"driver = <selenium.webdriver.chrome.webdriver.WebDriver (session=\"c746d1f5052f333e8d0888c3f9efd604\")>\nbase_url = 'https://www.saucedemo.com/'\ncredentials = {'password': 'secret_sauce', 'username': 'standard_user'}\n\n    def test_goto_product_details(driver,base_url,credentials):\n        login=LoginPage(driver)\n        login.load(base_url)\n        login.login(credentials[\"username\"],credentials[\"password\"])\n    \n        products_page=ProductsPage(driver)\n        products_page.open_product('Sauce Labs Backpack')\n>       assert 'error_url' in driver.current_url, ' ****** URL does not match.'\nE       AssertionError:  ****** URL does not match.\nE       assert 'error_url' in 'https://www.saucedemo.com/inventory-item.html?id=4'\nE        +  where 'https://www.saucedemo.com/inventory-item.html?id=4' = <selenium.webdriver.chrome.webdriver.WebDriver (session=\"c746d1f5052f333e8d0888c3f9efd604\")>.current_url\n\ntests/test_login.py:21: AssertionError","steps":[],"attachments":[{"uid":"e275ee3a27c29a5a","name":"Failed Log","source":"e275ee3a27c29a5a.txt","type":"text/plain","size":993},{"uid":"e57b2bd83321dcba","name":"screenshot","source":"e57b2bd83321dcba.png","type":"image/png","size":57434}],"parameters":[],"shouldDisplayMessage":true,"attachmentsCount":2,"stepsCount":0,"hasContent":true,"attachmentStep":false},"afterStages":[{"name":"driver::0","time":{"start":1764043132798,"stop":1764043132874,"duration":76},"status":"passed","steps":[],"attachments":[],"parameters":[],"shouldDisplayMessage":false,"attachmentsCount":0,"stepsCount":0,"hasContent":false,"attachmentStep":false}],"labels":[{"name":"parentSuite","value":"tests"},{"name":"suite","value":"test_login"},{"name":"host","value":"runnervmg1sw1"},{"name":"thread","value":"6269-MainThread"},{"name":"framework","value":"pytest"},{"name":"language","value":"cpython3"},{"name":"package","value":"tests.test_login"},{"name":"resultFormat","value":"allure2"}],"parameters":[],"links":[],"hidden":false,"retry":false,"extra":{"severity":"normal","retries":[],"categories":[{"name":"Product defects","matchedStatuses":[],"flaky":false}],"tags":[]},"source":"7d2e2c96983aa9c4.json","parameterValues":[]}