{"uid":"fdff6489f9884a78","name":"Check username input in login page","fullName":"tests.test_allure_failed_attach_screenshot#test_login2_fail","historyId":"f9a12552c524d3ca0b8000cd9aa5cb31","time":{"start":1764055608712,"stop":1764055609844,"duration":1132},"status":"failed","statusMessage":"AssertionError: assert True == False\n +  where True = is_displayed()\n +    where is_displayed = <selenium.webdriver.remote.webelement.WebElement (session=\"72ab5bfacabd9af0624767e8dbc9861a\", element=\"f.B9EEBCCD40BE19A6A2A4152F1DE6247C.d.CE03CB1A7AAED2E6E58CEC70D2412C0F.e.3\")>.is_displayed\n +      where <selenium.webdriver.remote.webelement.WebElement (session=\"72ab5bfacabd9af0624767e8dbc9861a\", element=\"f.B9EEBCCD40BE19A6A2A4152F1DE6247C.d.CE03CB1A7AAED2E6E58CEC70D2412C0F.e.3\")> = find_element('id', 'user-name')\n +        where find_element = <selenium.webdriver.chrome.webdriver.WebDriver (session=\"72ab5bfacabd9af0624767e8dbc9861a\")>.find_element\n +        and   'id' = By.ID","statusTrace":"driver = <selenium.webdriver.chrome.webdriver.WebDriver (session=\"72ab5bfacabd9af0624767e8dbc9861a\")>\n\n    @pytest.mark.title('Check username input in login page')\n    @pytest.mark.severity(allure.severity_level.NORMAL)\n    def test_login2_fail(driver):\n        driver.get('https://www.saucedemo.com/')\n>       assert driver.find_element(By.ID, 'user-name').is_displayed() == False\nE       assert True == False\nE        +  where True = is_displayed()\nE        +    where is_displayed = <selenium.webdriver.remote.webelement.WebElement (session=\"72ab5bfacabd9af0624767e8dbc9861a\", element=\"f.B9EEBCCD40BE19A6A2A4152F1DE6247C.d.CE03CB1A7AAED2E6E58CEC70D2412C0F.e.3\")>.is_displayed\nE        +      where <selenium.webdriver.remote.webelement.WebElement (session=\"72ab5bfacabd9af0624767e8dbc9861a\", element=\"f.B9EEBCCD40BE19A6A2A4152F1DE6247C.d.CE03CB1A7AAED2E6E58CEC70D2412C0F.e.3\")> = find_element('id', 'user-name')\nE        +        where find_element = <selenium.webdriver.chrome.webdriver.WebDriver (session=\"72ab5bfacabd9af0624767e8dbc9861a\")>.find_element\nE        +        and   'id' = By.ID\n\ntests/test_allure_failed_attach_screenshot.py:16: AssertionError","flaky":false,"newFailed":false,"newBroken":false,"newPassed":false,"retriesCount":0,"retriesStatusChange":false,"beforeStages":[{"name":"driver","time":{"start":1764055601139,"stop":1764055608711,"duration":7572},"status":"passed","steps":[],"attachments":[],"parameters":[],"shouldDisplayMessage":false,"attachmentsCount":0,"stepsCount":0,"hasContent":false,"attachmentStep":false}],"testStage":{"status":"failed","statusMessage":"AssertionError: assert True == False\n +  where True = is_displayed()\n +    where is_displayed = <selenium.webdriver.remote.webelement.WebElement (session=\"72ab5bfacabd9af0624767e8dbc9861a\", element=\"f.B9EEBCCD40BE19A6A2A4152F1DE6247C.d.CE03CB1A7AAED2E6E58CEC70D2412C0F.e.3\")>.is_displayed\n +      where <selenium.webdriver.remote.webelement.WebElement (session=\"72ab5bfacabd9af0624767e8dbc9861a\", element=\"f.B9EEBCCD40BE19A6A2A4152F1DE6247C.d.CE03CB1A7AAED2E6E58CEC70D2412C0F.e.3\")> = find_element('id', 'user-name')\n +        where find_element = <selenium.webdriver.chrome.webdriver.WebDriver (session=\"72ab5bfacabd9af0624767e8dbc9861a\")>.find_element\n +        and   'id' = By.ID","statusTrace":"driver = <selenium.webdriver.chrome.webdriver.WebDriver (session=\"72ab5bfacabd9af0624767e8dbc9861a\")>\n\n    @pytest.mark.title('Check username input in login page')\n    @pytest.mark.severity(allure.severity_level.NORMAL)\n    def test_login2_fail(driver):\n        driver.get('https://www.saucedemo.com/')\n>       assert driver.find_element(By.ID, 'user-name').is_displayed() == False\nE       assert True == False\nE        +  where True = is_displayed()\nE        +    where is_displayed = <selenium.webdriver.remote.webelement.WebElement (session=\"72ab5bfacabd9af0624767e8dbc9861a\", element=\"f.B9EEBCCD40BE19A6A2A4152F1DE6247C.d.CE03CB1A7AAED2E6E58CEC70D2412C0F.e.3\")>.is_displayed\nE        +      where <selenium.webdriver.remote.webelement.WebElement (session=\"72ab5bfacabd9af0624767e8dbc9861a\", element=\"f.B9EEBCCD40BE19A6A2A4152F1DE6247C.d.CE03CB1A7AAED2E6E58CEC70D2412C0F.e.3\")> = find_element('id', 'user-name')\nE        +        where find_element = <selenium.webdriver.chrome.webdriver.WebDriver (session=\"72ab5bfacabd9af0624767e8dbc9861a\")>.find_element\nE        +        and   'id' = By.ID\n\ntests/test_allure_failed_attach_screenshot.py:16: AssertionError","steps":[],"attachments":[{"uid":"deb07100cb42a8dc","name":"Failed Log","source":"deb07100cb42a8dc.txt","type":"text/plain","size":1199},{"uid":"f0686a66a3651419","name":"screenshot","source":"f0686a66a3651419.png","type":"image/png","size":15007}],"parameters":[],"shouldDisplayMessage":true,"attachmentsCount":2,"stepsCount":0,"hasContent":true,"attachmentStep":false},"afterStages":[{"name":"driver::0","time":{"start":1764055610478,"stop":1764055610554,"duration":76},"status":"passed","steps":[],"attachments":[],"parameters":[],"shouldDisplayMessage":false,"attachmentsCount":0,"stepsCount":0,"hasContent":false,"attachmentStep":false}],"labels":[{"name":"severity","value":"normal"},{"name":"parentSuite","value":"tests"},{"name":"suite","value":"test_allure_failed_attach_screenshot"},{"name":"host","value":"runnervmg1sw1"},{"name":"thread","value":"6193-MainThread"},{"name":"framework","value":"pytest"},{"name":"language","value":"cpython3"},{"name":"package","value":"tests.test_allure_failed_attach_screenshot"},{"name":"resultFormat","value":"allure2"}],"parameters":[],"links":[],"hidden":false,"retry":false,"extra":{"severity":"normal","retries":[],"categories":[{"name":"Product defects","matchedStatuses":[],"flaky":false}],"history":{"statistic":{"failed":3,"broken":0,"skipped":0,"passed":0,"unknown":0,"total":3},"items":[{"uid":"2a1697a5c384b87f","reportUrl":"https://achang21.github.io/selenium-pytest/builds/tests/14//#testresult/2a1697a5c384b87f","status":"failed","statusDetails":"AssertionError: assert True == False\n +  where True = is_displayed()\n +    where is_displayed = <selenium.webdriver.remote.webelement.WebElement (session=\"172c7f37cb0d42a5f081f11c395c2c62\", element=\"f.20BDF2D442463079A31BCC1518CAABD9.d.B4098D49E804FA8E6709973C0416F8A7.e.2\")>.is_displayed\n +      where <selenium.webdriver.remote.webelement.WebElement (session=\"172c7f37cb0d42a5f081f11c395c2c62\", element=\"f.20BDF2D442463079A31BCC1518CAABD9.d.B4098D49E804FA8E6709973C0416F8A7.e.2\")> = find_element('id', 'user-name')\n +        where find_element = <selenium.webdriver.chrome.webdriver.WebDriver (session=\"172c7f37cb0d42a5f081f11c395c2c62\")>.find_element\n +        and   'id' = By.ID","time":{"start":1764053013803,"stop":1764053014487,"duration":684}},{"uid":"53caa5fc6e5f3615","reportUrl":"https://achang21.github.io/selenium-pytest/builds/tests/13//#testresult/53caa5fc6e5f3615","status":"failed","statusDetails":"AssertionError: assert True == False\n +  where True = is_displayed()\n +    where is_displayed = <selenium.webdriver.remote.webelement.WebElement (session=\"f110ac0c23b1c958c119b830fd3d2d7b\", element=\"f.4AACBAF721047A8880B26D7904992031.d.873725E12A6F1B10B1138AFA8CC3F623.e.3\")>.is_displayed\n +      where <selenium.webdriver.remote.webelement.WebElement (session=\"f110ac0c23b1c958c119b830fd3d2d7b\", element=\"f.4AACBAF721047A8880B26D7904992031.d.873725E12A6F1B10B1138AFA8CC3F623.e.3\")> = find_element('id', 'user-name')\n +        where find_element = <selenium.webdriver.chrome.webdriver.WebDriver (session=\"f110ac0c23b1c958c119b830fd3d2d7b\")>.find_element\n +        and   'id' = By.ID","time":{"start":1764043125710,"stop":1764043126866,"duration":1156}}]},"tags":[]},"source":"fdff6489f9884a78.json","parameterValues":[]}