{"uid":"111926117db72cbd","name":"test_goto_product_details","fullName":"tests.test_login#test_goto_product_details","historyId":"5084092a1202572e4bd3c82623b144ee","time":{"start":1764053019938,"stop":1764053020302,"duration":364},"status":"failed","statusMessage":"AssertionError:  ****** URL does not match.\nassert 'error_url' in 'https://www.saucedemo.com/inventory-item.html?id=4'\n +  where 'https://www.saucedemo.com/inventory-item.html?id=4' = <selenium.webdriver.chrome.webdriver.WebDriver (session=\"f7b604de6dd2fbbfd01bb1a0e0a04d24\")>.current_url","statusTrace":"driver = <selenium.webdriver.chrome.webdriver.WebDriver (session=\"f7b604de6dd2fbbfd01bb1a0e0a04d24\")>\nbase_url = 'https://www.saucedemo.com/'\ncredentials = {'password': 'secret_sauce', 'username': 'standard_user'}\n\n    def test_goto_product_details(driver,base_url,credentials):\n        login=LoginPage(driver)\n        login.load(base_url)\n        login.login(credentials[\"username\"],credentials[\"password\"])\n    \n        products_page=ProductsPage(driver)\n        products_page.open_product('Sauce Labs Backpack')\n>       assert 'error_url' in driver.current_url, ' ****** URL does not match.'\nE       AssertionError:  ****** URL does not match.\nE       assert 'error_url' in 'https://www.saucedemo.com/inventory-item.html?id=4'\nE        +  where 'https://www.saucedemo.com/inventory-item.html?id=4' = <selenium.webdriver.chrome.webdriver.WebDriver (session=\"f7b604de6dd2fbbfd01bb1a0e0a04d24\")>.current_url\n\ntests/test_login.py:21: AssertionError","flaky":false,"newFailed":false,"newBroken":false,"newPassed":false,"retriesCount":0,"retriesStatusChange":false,"beforeStages":[{"name":"driver","time":{"start":1764053011969,"stop":1764053013801,"duration":1832},"status":"passed","steps":[],"attachments":[],"parameters":[],"shouldDisplayMessage":false,"stepsCount":0,"hasContent":false,"attachmentStep":false,"attachmentsCount":0},{"name":"credentials","time":{"start":1764053019937,"stop":1764053019937,"duration":0},"status":"passed","steps":[],"attachments":[],"parameters":[],"shouldDisplayMessage":false,"stepsCount":0,"hasContent":false,"attachmentStep":false,"attachmentsCount":0},{"name":"base_url","time":{"start":1764053019937,"stop":1764053019937,"duration":0},"status":"passed","steps":[],"attachments":[],"parameters":[],"shouldDisplayMessage":false,"stepsCount":0,"hasContent":false,"attachmentStep":false,"attachmentsCount":0}],"testStage":{"status":"failed","statusMessage":"AssertionError:  ****** URL does not match.\nassert 'error_url' in 'https://www.saucedemo.com/inventory-item.html?id=4'\n +  where 'https://www.saucedemo.com/inventory-item.html?id=4' = <selenium.webdriver.chrome.webdriver.WebDriver (session=\"f7b604de6dd2fbbfd01bb1a0e0a04d24\")>.current_url","statusTrace":"driver = <selenium.webdriver.chrome.webdriver.WebDriver (session=\"f7b604de6dd2fbbfd01bb1a0e0a04d24\")>\nbase_url = 'https://www.saucedemo.com/'\ncredentials = {'password': 'secret_sauce', 'username': 'standard_user'}\n\n    def test_goto_product_details(driver,base_url,credentials):\n        login=LoginPage(driver)\n        login.load(base_url)\n        login.login(credentials[\"username\"],credentials[\"password\"])\n    \n        products_page=ProductsPage(driver)\n        products_page.open_product('Sauce Labs Backpack')\n>       assert 'error_url' in driver.current_url, ' ****** URL does not match.'\nE       AssertionError:  ****** URL does not match.\nE       assert 'error_url' in 'https://www.saucedemo.com/inventory-item.html?id=4'\nE        +  where 'https://www.saucedemo.com/inventory-item.html?id=4' = <selenium.webdriver.chrome.webdriver.WebDriver (session=\"f7b604de6dd2fbbfd01bb1a0e0a04d24\")>.current_url\n\ntests/test_login.py:21: AssertionError","steps":[],"attachments":[{"uid":"98f8b2e44e7b2c05","name":"Failed Log","source":"98f8b2e44e7b2c05.txt","type":"text/plain","size":993},{"uid":"2015be3a5dafd4f5","name":"screenshot","source":"2015be3a5dafd4f5.png","type":"image/png","size":57434}],"parameters":[],"shouldDisplayMessage":true,"stepsCount":0,"hasContent":true,"attachmentStep":false,"attachmentsCount":2},"afterStages":[{"name":"driver::0","time":{"start":1764053020357,"stop":1764053020439,"duration":82},"status":"passed","steps":[],"attachments":[],"parameters":[],"shouldDisplayMessage":false,"stepsCount":0,"hasContent":false,"attachmentStep":false,"attachmentsCount":0}],"labels":[{"name":"parentSuite","value":"tests"},{"name":"suite","value":"test_login"},{"name":"host","value":"runnervmg1sw1"},{"name":"thread","value":"5592-MainThread"},{"name":"framework","value":"pytest"},{"name":"language","value":"cpython3"},{"name":"package","value":"tests.test_login"},{"name":"resultFormat","value":"allure2"}],"parameters":[],"links":[],"hidden":false,"retry":false,"extra":{"severity":"normal","retries":[],"categories":[{"name":"Product defects","matchedStatuses":[],"flaky":false}],"history":{"statistic":{"failed":2,"broken":0,"skipped":0,"passed":0,"unknown":0,"total":2},"items":[{"uid":"7d2e2c96983aa9c4","reportUrl":"https://achang21.github.io/selenium-pytest/builds/tests/13//#testresult/7d2e2c96983aa9c4","status":"failed","statusDetails":"AssertionError:  ****** URL does not match.\nassert 'error_url' in 'https://www.saucedemo.com/inventory-item.html?id=4'\n +  where 'https://www.saucedemo.com/inventory-item.html?id=4' = <selenium.webdriver.chrome.webdriver.WebDriver (session=\"c746d1f5052f333e8d0888c3f9efd604\")>.current_url","time":{"start":1764043132369,"stop":1764043132733,"duration":364}}]},"tags":[]},"source":"111926117db72cbd.json","parameterValues":[]}